<?xml version="1.0" encoding="UTF-8"?>
<!-- Generated by org.testng.reporters.JUnitReportReporter -->
<testsuite hostname="Abhishek" failures="0" tests="3" name="com.crm.qa.testcases.LoginPageTest" time="34.115" errors="0" timestamp="2021-04-29T06:09:28 IST" skipped="0">
  <testcase classname="com.crm.qa.testcases.LoginPageTest" name="loginPageTitleTest" time="8.113"/>
  <system-out/>
  <testcase classname="com.crm.qa.testcases.LoginPageTest" name="HomeLogoTest" time="14.579"/>
  <system-out/>
  <testcase classname="com.crm.qa.testcases.LoginPageTest" name="LoginTest" time="11.423"/>
  <system-out/>
</testsuite> <!-- com.crm.qa.testcases.LoginPageTest -->
