<?xml version="1.0" encoding="UTF-8"?>
<!-- Generated by org.testng.reporters.JUnitReportReporter -->
<testsuite hostname="Abhishek" failures="0" tests="3" name="com.crm.qa.testcases.HomePageTest" time="48.540" errors="0" timestamp="2021-04-27T17:03:52 IST" skipped="0">
  <testcase classname="com.crm.qa.testcases.HomePageTest" name="HomePageTitleTest" time="13.624"/>
  <system-out/>
  <testcase classname="com.crm.qa.testcases.HomePageTest" name="VerifyUserNameLabelTest" time="16.398"/>
  <system-out/>
  <testcase classname="com.crm.qa.testcases.HomePageTest" name="VerifyNewCustomerLink" time="18.518"/>
  <system-out/>
</testsuite> <!-- com.crm.qa.testcases.HomePageTest -->
