<?xml version="1.0" encoding="UTF-8"?>
<!-- Generated by org.testng.reporters.JUnitReportReporter -->
<testsuite hostname="Abhishek" failures="0" tests="1" name="com.crm.qa.testcases.NewAccountPageTest" time="28.104" errors="0" timestamp="2021-04-27T15:18:45 IST" skipped="0">
  <testcase classname="com.crm.qa.testcases.NewAccountPageTest" name="ValidateCreateNewAccount" time="28.104"/>
  <system-out/>
</testsuite> <!-- com.crm.qa.testcases.NewAccountPageTest -->
