<?xml version="1.0" encoding="UTF-8"?>
<!-- Generated by org.testng.reporters.JUnitReportReporter -->
<testsuite skipped="0" hostname="Abhishek" name="com.crm.qa.testcases.HomePageTest" tests="3" failures="0" timestamp="2021-04-29T06:04:57 IST" time="42.759" errors="0">
  <testcase name="HomePageTitleTest" time="12.829" classname="com.crm.qa.testcases.HomePageTest"/>
  <system-out/>
  <testcase name="VerifyUserNameLabelTest" time="13.481" classname="com.crm.qa.testcases.HomePageTest"/>
  <system-out/>
  <testcase name="VerifyNewCustomerLink" time="16.449" classname="com.crm.qa.testcases.HomePageTest"/>
  <system-out/>
</testsuite> <!-- com.crm.qa.testcases.HomePageTest -->
