<?xml version="1.0" encoding="UTF-8"?>
<!-- Generated by org.testng.reporters.JUnitReportReporter -->
<testsuite skipped="0" hostname="Abhishek" name="com.crm.qa.testcases.CustomerPageTest" tests="1" failures="0" timestamp="2021-04-29T06:04:57 IST" time="30.067" errors="0">
  <testcase name="VerifyAddNewCustomerLabel" time="30.067" classname="com.crm.qa.testcases.CustomerPageTest"/>
  <system-out/>
</testsuite> <!-- com.crm.qa.testcases.CustomerPageTest -->
