<?xml version="1.0" encoding="UTF-8"?>
<!-- Generated by org.testng.reporters.JUnitReportReporter -->
<testsuite skipped="0" hostname="Abhishek" name="com.crm.qa.testcases.LoginPageTest" tests="3" failures="0" timestamp="2021-04-29T06:04:57 IST" time="30.454" errors="0">
  <testcase name="loginPageTitleTest" time="9.192" classname="com.crm.qa.testcases.LoginPageTest"/>
  <system-out/>
  <testcase name="HomeLogoTest" time="9.081" classname="com.crm.qa.testcases.LoginPageTest"/>
  <system-out/>
  <testcase name="LoginTest" time="12.181" classname="com.crm.qa.testcases.LoginPageTest"/>
  <system-out/>
</testsuite> <!-- com.crm.qa.testcases.LoginPageTest -->
