<?xml version="1.0" encoding="UTF-8"?>
<!-- Generated by org.testng.reporters.JUnitReportReporter -->
<testsuite skipped="0" hostname="Abhishek" name="com.crm.qa.testcases.NewAccountPageTest" tests="2" failures="0" timestamp="2021-04-29T06:04:57 IST" time="41.921" errors="0">
  <testcase name="ValidateCreateNewAccount" time="20.746" classname="com.crm.qa.testcases.NewAccountPageTest"/>
  <system-out/>
  <testcase name="ValidateCreateNewAccount" time="21.175" classname="com.crm.qa.testcases.NewAccountPageTest"/>
  <system-out/>
</testsuite> <!-- com.crm.qa.testcases.NewAccountPageTest -->
